\BOOKMARK [1][-]{section.1}{Info}{}% 1
\BOOKMARK [2][-]{subsection.1.1}{books:}{section.1}% 2
\BOOKMARK [2][-]{subsection.1.2}{goals:}{section.1}% 3
\BOOKMARK [2][-]{subsection.1.3}{grading scheme:}{section.1}% 4
\BOOKMARK [2][-]{subsection.1.4}{homework:}{section.1}% 5
\BOOKMARK [3][-]{subsubsection.1.4.1}{grading criteria}{subsection.1.4}% 6
\BOOKMARK [2][-]{subsection.1.5}{tutorials:}{section.1}% 7
\BOOKMARK [1][-]{section.2}{Introduction}{}% 8
\BOOKMARK [2][-]{subsection.2.1}{history}{section.2}% 9
\BOOKMARK [2][-]{subsection.2.2}{processor}{section.2}% 10
\BOOKMARK [2][-]{subsection.2.3}{numerical representation and numerical system}{section.2}% 11
\BOOKMARK [3][-]{subsubsection.2.3.1}{analog v. digital}{subsection.2.3}% 12
\BOOKMARK [3][-]{subsubsection.2.3.2}{digital number systems}{subsection.2.3}% 13
\BOOKMARK [3][-]{subsubsection.2.3.3}{digital circuit v. logic circuit}{subsection.2.3}% 14
\BOOKMARK [3][-]{subsubsection.2.3.4}{parallel v. serial}{subsection.2.3}% 15
\BOOKMARK [3][-]{subsubsection.2.3.5}{memory}{subsection.2.3}% 16
\BOOKMARK [1][-]{section.3}{Digital system}{}% 17
\BOOKMARK [2][-]{subsection.3.1}{Conversion}{section.3}% 18
\BOOKMARK [3][-]{subsubsection.3.1.1}{Binary system}{subsection.3.1}% 19
\BOOKMARK [3][-]{subsubsection.3.1.2}{Hexadecimal Number system}{subsection.3.1}% 20
\BOOKMARK [3][-]{subsubsection.3.1.3}{Binary-coded decimal\(BCD\)}{subsection.3.1}% 21
\BOOKMARK [3][-]{subsubsection.3.1.4}{Bytes, Nibbles and Words}{subsection.3.1}% 22
\BOOKMARK [3][-]{subsubsection.3.1.5}{ASCII code}{subsection.3.1}% 23
\BOOKMARK [2][-]{subsection.3.2}{Logic Functions}{section.3}% 24
\BOOKMARK [3][-]{subsubsection.3.2.1}{boolean constants and variables}{subsection.3.2}% 25
\BOOKMARK [3][-]{subsubsection.3.2.2}{to generate truth table}{subsection.3.2}% 26
\BOOKMARK [2][-]{subsection.3.3}{Logic Circuits}{section.3}% 27
\BOOKMARK [3][-]{subsubsection.3.3.1}{Minimization of Logic Expression: rules}{subsection.3.3}% 28
